{"contracts/extensions/ERC4907.sol":{"l":{"26":9,"30":8,"31":8,"32":8,"33":8,"41":6,"42":4,"44":2,"58":1,"64":10},"path":"/Users/trejgun/WebstormProjects/GemunIon/contracts/contracts/erc721/contracts/extensions/ERC4907.sol","s":{"1":9,"2":8,"3":8,"4":6,"5":4,"6":2,"7":1,"8":10},"b":{"1":[8,1],"2":[4,2]},"f":{"1":9,"2":6,"3":1,"4":10},"fnMap":{"1":{"name":"setUser","line":25,"loc":{"start":{"line":25,"column":2},"end":{"line":34,"column":2}}},"2":{"name":"userOf","line":40,"loc":{"start":{"line":40,"column":2},"end":{"line":46,"column":2}}},"3":{"name":"userExpires","line":52,"loc":{"start":{"line":52,"column":2},"end":{"line":59,"column":2}}},"4":{"name":"supportsInterface","line":62,"loc":{"start":{"line":62,"column":2},"end":{"line":66,"column":2}}}},"statementMap":{"1":{"start":{"line":26,"column":4},"end":{"line":26,"column":767}},"2":{"start":{"line":30,"column":4},"end":{"line":30,"column":43}},"3":{"start":{"line":33,"column":4},"end":{"line":33,"column":43}},"4":{"start":{"line":41,"column":4},"end":{"line":41,"column":1341}},"5":{"start":{"line":42,"column":6},"end":{"line":42,"column":33}},"6":{"start":{"line":44,"column":6},"end":{"line":44,"column":23}},"7":{"start":{"line":58,"column":4},"end":{"line":58,"column":34}},"8":{"start":{"line":64,"column":4},"end":{"line":64,"column":52}}},"branchMap":{"1":{"line":26,"type":"if","locations":[{"start":{"line":26,"column":4},"end":{"line":26,"column":4}},{"start":{"line":26,"column":4},"end":{"line":26,"column":4}}]},"2":{"line":41,"type":"if","locations":[{"start":{"line":41,"column":4},"end":{"line":41,"column":4}},{"start":{"line":41,"column":4},"end":{"line":41,"column":4}}]}}},"contracts/extensions/ERC721ABaseUrl.sol":{"l":{"16":183,"20":4,"24":0,"28":184,"32":1},"path":"/Users/trejgun/WebstormProjects/GemunIon/contracts/contracts/erc721/contracts/extensions/ERC721ABaseUrl.sol","s":{"1":183,"2":4,"3":0,"4":1},"b":{"1":[1,0]},"f":{"1":183,"2":4,"3":0,"4":184,"5":1},"fnMap":{"1":{"name":"constructor","line":15,"loc":{"start":{"line":15,"column":2},"end":{"line":17,"column":2}}},"2":{"name":"_baseURI","line":19,"loc":{"start":{"line":19,"column":2},"end":{"line":21,"column":2}}},"3":{"name":"_baseURI","line":23,"loc":{"start":{"line":23,"column":2},"end":{"line":25,"column":2}}},"4":{"name":"_setBaseURI","line":27,"loc":{"start":{"line":27,"column":2},"end":{"line":29,"column":2}}},"5":{"name":"setBaseURI","line":31,"loc":{"start":{"line":31,"column":2},"end":{"line":33,"column":2}}}},"statementMap":{"1":{"start":{"line":16,"column":4},"end":{"line":16,"column":28}},"2":{"start":{"line":20,"column":4},"end":{"line":20,"column":108}},"3":{"start":{"line":24,"column":4},"end":{"line":24,"column":34}},"4":{"start":{"line":32,"column":4},"end":{"line":32,"column":28}}},"branchMap":{"1":{"line":31,"type":"if","locations":[{"start":{"line":31,"column":59},"end":{"line":31,"column":59}},{"start":{"line":31,"column":59},"end":{"line":31,"column":59}}]}}},"contracts/extensions/ERC721ARoyalty.sol":{"l":{"16":1845,"25":30,"26":10,"35":50,"36":30,"46":103},"path":"/Users/trejgun/WebstormProjects/GemunIon/contracts/contracts/erc721/contracts/extensions/ERC721ARoyalty.sol","s":{"1":1845,"2":30,"3":10,"4":50,"5":30,"6":103},"b":{"1":[30,10],"2":[50,10]},"f":{"1":1845,"2":30,"3":50,"4":103},"fnMap":{"1":{"name":"constructor","line":15,"loc":{"start":{"line":15,"column":2},"end":{"line":17,"column":2}}},"2":{"name":"setDefaultRoyalty","line":23,"loc":{"start":{"line":19,"column":2},"end":{"line":27,"column":2}}},"3":{"name":"setTokenRoyalty","line":33,"loc":{"start":{"line":29,"column":2},"end":{"line":37,"column":2}}},"4":{"name":"supportsInterface","line":39,"loc":{"start":{"line":39,"column":2},"end":{"line":47,"column":2}}}},"statementMap":{"1":{"start":{"line":16,"column":4},"end":{"line":16,"column":53}},"2":{"start":{"line":25,"column":4},"end":{"line":25,"column":62}},"3":{"start":{"line":26,"column":4},"end":{"line":26,"column":62}},"4":{"start":{"line":35,"column":4},"end":{"line":35,"column":69}},"5":{"start":{"line":36,"column":4},"end":{"line":36,"column":69}},"6":{"start":{"line":46,"column":4},"end":{"line":46,"column":47}}},"branchMap":{"1":{"line":23,"type":"if","locations":[{"start":{"line":23,"column":4},"end":{"line":23,"column":4}},{"start":{"line":23,"column":4},"end":{"line":23,"column":4}}]},"2":{"line":33,"type":"if","locations":[{"start":{"line":33,"column":4},"end":{"line":33,"column":4}},{"start":{"line":33,"column":4},"end":{"line":33,"column":4}}]}}},"contracts/extensions/ERC721Capped.sol":{"l":{"16":657,"17":657,"24":127,"28":127,"37":165,"38":123,"40":161,"41":161},"path":"/Users/trejgun/WebstormProjects/GemunIon/contracts/contracts/erc721/contracts/extensions/ERC721Capped.sol","s":{"1":657,"2":127,"3":127,"4":165,"5":123,"6":161,"7":161},"b":{"1":[657,0],"2":[123,42],"3":[119,4]},"f":{"1":657,"2":127,"3":127,"4":165},"fnMap":{"1":{"name":"constructor","line":15,"loc":{"start":{"line":15,"column":2},"end":{"line":18,"column":2}}},"2":{"name":"cap","line":23,"loc":{"start":{"line":23,"column":2},"end":{"line":25,"column":2}}},"3":{"name":"totalSupply","line":27,"loc":{"start":{"line":27,"column":2},"end":{"line":29,"column":2}}},"4":{"name":"_beforeTokenTransfer","line":31,"loc":{"start":{"line":31,"column":2},"end":{"line":42,"column":2}}}},"statementMap":{"1":{"start":{"line":16,"column":4},"end":{"line":16,"column":46}},"2":{"start":{"line":24,"column":4},"end":{"line":24,"column":15}},"3":{"start":{"line":28,"column":4},"end":{"line":28,"column":28}},"4":{"start":{"line":37,"column":4},"end":{"line":37,"column":818}},"5":{"start":{"line":38,"column":6},"end":{"line":38,"column":65}},"6":{"start":{"line":40,"column":4},"end":{"line":40,"column":32}},"7":{"start":{"line":41,"column":4},"end":{"line":41,"column":64}}},"branchMap":{"1":{"line":16,"type":"if","locations":[{"start":{"line":16,"column":4},"end":{"line":16,"column":4}},{"start":{"line":16,"column":4},"end":{"line":16,"column":4}}]},"2":{"line":37,"type":"if","locations":[{"start":{"line":37,"column":4},"end":{"line":37,"column":4}},{"start":{"line":37,"column":4},"end":{"line":37,"column":4}}]},"3":{"line":38,"type":"if","locations":[{"start":{"line":38,"column":6},"end":{"line":38,"column":6}},{"start":{"line":38,"column":6},"end":{"line":38,"column":6}}]}}},"contracts/extensions/ERC721CappedEnumerable.sol":{"l":{"15":648,"16":648,"23":139,"32":180,"33":135,"35":176},"path":"/Users/trejgun/WebstormProjects/GemunIon/contracts/contracts/erc721/contracts/extensions/ERC721CappedEnumerable.sol","s":{"1":648,"2":139,"3":180,"4":135,"5":176},"b":{"1":[648,0],"2":[135,45],"3":[131,4]},"f":{"1":648,"2":139,"3":180},"fnMap":{"1":{"name":"constructor","line":14,"loc":{"start":{"line":14,"column":2},"end":{"line":17,"column":2}}},"2":{"name":"cap","line":22,"loc":{"start":{"line":22,"column":2},"end":{"line":24,"column":2}}},"3":{"name":"_beforeTokenTransfer","line":26,"loc":{"start":{"line":26,"column":2},"end":{"line":36,"column":2}}}},"statementMap":{"1":{"start":{"line":15,"column":4},"end":{"line":15,"column":56}},"2":{"start":{"line":23,"column":4},"end":{"line":23,"column":15}},"3":{"start":{"line":32,"column":4},"end":{"line":32,"column":755}},"4":{"start":{"line":33,"column":6},"end":{"line":33,"column":81}},"5":{"start":{"line":35,"column":4},"end":{"line":35,"column":64}}},"branchMap":{"1":{"line":15,"type":"if","locations":[{"start":{"line":15,"column":4},"end":{"line":15,"column":4}},{"start":{"line":15,"column":4},"end":{"line":15,"column":4}}]},"2":{"line":32,"type":"if","locations":[{"start":{"line":32,"column":4},"end":{"line":32,"column":4}},{"start":{"line":32,"column":4},"end":{"line":32,"column":4}}]},"3":{"line":33,"type":"if","locations":[{"start":{"line":33,"column":6},"end":{"line":33,"column":6}},{"start":{"line":33,"column":6},"end":{"line":33,"column":6}}]}}},"contracts/extensions/ERC721Dropbox.sol":{"l":{"20":0,"21":0,"22":0,"26":0,"31":0},"path":"/Users/trejgun/WebstormProjects/GemunIon/contracts/contracts/erc721/contracts/extensions/ERC721Dropbox.sol","s":{"1":0,"2":0,"3":0,"4":0,"5":0},"b":{"1":[0,0]},"f":{"1":0,"2":0,"3":0,"4":0},"fnMap":{"1":{"name":"constructor","line":15,"loc":{"start":{"line":15,"column":2},"end":{"line":15,"column":57}}},"2":{"name":"_redeem","line":19,"loc":{"start":{"line":19,"column":2},"end":{"line":23,"column":2}}},"3":{"name":"_hash","line":25,"loc":{"start":{"line":25,"column":2},"end":{"line":28,"column":2}}},"4":{"name":"_verify","line":30,"loc":{"start":{"line":30,"column":2},"end":{"line":32,"column":2}}}},"statementMap":{"1":{"start":{"line":20,"column":4},"end":{"line":20,"column":99}},"2":{"start":{"line":21,"column":4},"end":{"line":21,"column":30}},"3":{"start":{"line":22,"column":4},"end":{"line":22,"column":33}},"4":{"start":{"line":26,"column":4},"end":{"line":26,"column":1017}},"5":{"start":{"line":31,"column":4},"end":{"line":31,"column":74}}},"branchMap":{"1":{"line":20,"type":"if","locations":[{"start":{"line":20,"column":4},"end":{"line":20,"column":4}},{"start":{"line":20,"column":4},"end":{"line":20,"column":4}}]}}},"contracts/extensions/ERC721ORoyalty.sol":{"l":{"17":153,"21":3,"22":1,"31":5,"32":3},"path":"/Users/trejgun/WebstormProjects/GemunIon/contracts/contracts/erc721/contracts/extensions/ERC721ORoyalty.sol","s":{"1":153,"2":3,"3":1,"4":5,"5":3},"b":{"1":[3,1],"2":[5,1]},"f":{"1":153,"2":3,"3":5},"fnMap":{"1":{"name":"constructor","line":16,"loc":{"start":{"line":16,"column":2},"end":{"line":18,"column":2}}},"2":{"name":"setDefaultRoyalty","line":20,"loc":{"start":{"line":20,"column":2},"end":{"line":23,"column":2}}},"3":{"name":"setTokenRoyalty","line":29,"loc":{"start":{"line":25,"column":2},"end":{"line":33,"column":2}}}},"statementMap":{"1":{"start":{"line":17,"column":4},"end":{"line":17,"column":53}},"2":{"start":{"line":21,"column":4},"end":{"line":21,"column":62}},"3":{"start":{"line":22,"column":4},"end":{"line":22,"column":62}},"4":{"start":{"line":31,"column":4},"end":{"line":31,"column":69}},"5":{"start":{"line":32,"column":4},"end":{"line":32,"column":69}}},"branchMap":{"1":{"line":20,"type":"if","locations":[{"start":{"line":20,"column":103},"end":{"line":20,"column":103}},{"start":{"line":20,"column":103},"end":{"line":20,"column":103}}]},"2":{"line":29,"type":"if","locations":[{"start":{"line":29,"column":4},"end":{"line":29,"column":4}},{"start":{"line":29,"column":4},"end":{"line":29,"column":4}}]}}},"contracts/interfaces/IERC4907.sol":{"l":{},"path":"/Users/trejgun/WebstormProjects/GemunIon/contracts/contracts/erc721/contracts/interfaces/IERC4907.sol","s":{},"b":{},"f":{},"fnMap":{},"statementMap":{},"branchMap":{}},"contracts/interfaces/IERC721Enumerable.sol":{"l":{},"path":"/Users/trejgun/WebstormProjects/GemunIon/contracts/contracts/erc721/contracts/interfaces/IERC721Enumerable.sol","s":{},"b":{},"f":{},"fnMap":{},"statementMap":{},"branchMap":{}},"contracts/interfaces/IERC721Mintable.sol":{"l":{},"path":"/Users/trejgun/WebstormProjects/GemunIon/contracts/contracts/erc721/contracts/interfaces/IERC721Mintable.sol","s":{},"b":{},"f":{},"fnMap":{},"statementMap":{},"branchMap":{}},"contracts/interfaces/IERC721Royalty.sol":{"l":{},"path":"/Users/trejgun/WebstormProjects/GemunIon/contracts/contracts/erc721/contracts/interfaces/IERC721Royalty.sol","s":{},"b":{},"f":{},"fnMap":{},"statementMap":{},"branchMap":{}},"contracts/mocks/import.sol":{"l":{},"path":"/Users/trejgun/WebstormProjects/GemunIon/contracts/contracts/erc721/contracts/mocks/import.sol","s":{},"b":{},"f":{},"fnMap":{},"statementMap":{},"branchMap":{}},"contracts/open-sea/ERC721OpenSea.sol":{"l":{"22":0,"23":0,"27":0,"34":0,"35":0,"43":0,"44":0,"47":0,"54":0,"65":0,"75":0},"path":"/Users/trejgun/WebstormProjects/GemunIon/contracts/contracts/erc721/contracts/open-sea/ERC721OpenSea.sol","s":{"1":0,"2":0,"3":0,"4":0,"5":0,"6":0,"7":0,"8":0,"9":0,"10":0},"b":{"1":[0,0],"2":[0,0],"3":[0,0],"4":[0,0]},"f":{"1":0,"2":0,"3":0,"4":0,"5":0,"6":0,"7":0},"fnMap":{"1":{"name":"setProxyRegistry","line":21,"loc":{"start":{"line":21,"column":2},"end":{"line":24,"column":2}}},"2":{"name":"owner","line":26,"loc":{"start":{"line":26,"column":2},"end":{"line":28,"column":2}}},"3":{"name":"setTokenURI","line":33,"loc":{"start":{"line":33,"column":2},"end":{"line":36,"column":2}}},"4":{"name":"isApprovedForAll","line":41,"loc":{"start":{"line":41,"column":2},"end":{"line":48,"column":2}}},"5":{"name":"_grantRole","line":53,"loc":{"start":{"line":53,"column":2},"end":{"line":55,"column":2}}},"6":{"name":"_revokeRole","line":60,"loc":{"start":{"line":60,"column":2},"end":{"line":66,"column":2}}},"7":{"name":"supportsInterface","line":68,"loc":{"start":{"line":68,"column":2},"end":{"line":76,"column":2}}}},"statementMap":{"1":{"start":{"line":22,"column":4},"end":{"line":22,"column":102}},"2":{"start":{"line":27,"column":4},"end":{"line":27,"column":47}},"3":{"start":{"line":34,"column":4},"end":{"line":34,"column":34}},"4":{"start":{"line":35,"column":4},"end":{"line":35,"column":40}},"5":{"start":{"line":43,"column":4},"end":{"line":43,"column":1453}},"6":{"start":{"line":44,"column":6},"end":{"line":44,"column":17}},"7":{"start":{"line":47,"column":4},"end":{"line":47,"column":50}},"8":{"start":{"line":54,"column":4},"end":{"line":54,"column":34}},"9":{"start":{"line":65,"column":4},"end":{"line":65,"column":35}},"10":{"start":{"line":75,"column":4},"end":{"line":75,"column":47}}},"branchMap":{"1":{"line":21,"type":"if","locations":[{"start":{"line":21,"column":60},"end":{"line":21,"column":60}},{"start":{"line":21,"column":60},"end":{"line":21,"column":60}}]},"2":{"line":22,"type":"if","locations":[{"start":{"line":22,"column":4},"end":{"line":22,"column":4}},{"start":{"line":22,"column":4},"end":{"line":22,"column":4}}]},"3":{"line":33,"type":"if","locations":[{"start":{"line":33,"column":80},"end":{"line":33,"column":80}},{"start":{"line":33,"column":80},"end":{"line":33,"column":80}}]},"4":{"line":43,"type":"if","locations":[{"start":{"line":43,"column":4},"end":{"line":43,"column":4}},{"start":{"line":43,"column":4},"end":{"line":43,"column":4}}]}}},"contracts/open-sea/utils/OwnableDelegateProxy.sol":{"l":{},"path":"/Users/trejgun/WebstormProjects/GemunIon/contracts/contracts/erc721/contracts/open-sea/utils/OwnableDelegateProxy.sol","s":{},"b":{},"f":{},"fnMap":{},"statementMap":{},"branchMap":{}},"contracts/open-sea/utils/ProxyRegistry.sol":{"l":{},"path":"/Users/trejgun/WebstormProjects/GemunIon/contracts/contracts/erc721/contracts/open-sea/utils/ProxyRegistry.sol","s":{},"b":{},"f":{},"fnMap":{},"statementMap":{},"branchMap":{}},"contracts/preset/ERC721AB.sol":{"l":{"16":1719,"18":1719,"19":1719,"23":269,"27":30,"31":91},"path":"/Users/trejgun/WebstormProjects/GemunIon/contracts/contracts/erc721/contracts/preset/ERC721AB.sol","s":{"1":1719,"2":1719,"3":1719,"4":269,"5":30,"6":91},"b":{"1":[269,10],"2":[30,10]},"f":{"1":1719,"2":269,"3":30,"4":91},"fnMap":{"1":{"name":"constructor","line":15,"loc":{"start":{"line":15,"column":2},"end":{"line":20,"column":2}}},"2":{"name":"mint","line":22,"loc":{"start":{"line":22,"column":2},"end":{"line":24,"column":2}}},"3":{"name":"safeMint","line":26,"loc":{"start":{"line":26,"column":2},"end":{"line":28,"column":2}}},"4":{"name":"supportsInterface","line":30,"loc":{"start":{"line":30,"column":2},"end":{"line":32,"column":2}}}},"statementMap":{"1":{"start":{"line":16,"column":4},"end":{"line":16,"column":34}},"2":{"start":{"line":18,"column":4},"end":{"line":18,"column":42}},"3":{"start":{"line":19,"column":4},"end":{"line":19,"column":35}},"4":{"start":{"line":23,"column":4},"end":{"line":23,"column":21}},"5":{"start":{"line":27,"column":4},"end":{"line":27,"column":25}},"6":{"start":{"line":31,"column":4},"end":{"line":31,"column":47}}},"branchMap":{"1":{"line":22,"type":"if","locations":[{"start":{"line":22,"column":60},"end":{"line":22,"column":60}},{"start":{"line":22,"column":60},"end":{"line":22,"column":60}}]},"2":{"line":26,"type":"if","locations":[{"start":{"line":26,"column":64},"end":{"line":26,"column":64}},{"start":{"line":26,"column":64},"end":{"line":26,"column":64}}]}}},"contracts/preset/ERC721ABC.sol":{"l":{"16":34,"25":165},"path":"/Users/trejgun/WebstormProjects/GemunIon/contracts/contracts/erc721/contracts/preset/ERC721ABC.sol","s":{"1":34,"2":165},"b":{},"f":{"1":657,"2":34,"3":165},"fnMap":{"1":{"name":"constructor","line":13,"loc":{"start":{"line":13,"column":2},"end":{"line":13,"column":111}}},"2":{"name":"supportsInterface","line":15,"loc":{"start":{"line":15,"column":2},"end":{"line":17,"column":2}}},"3":{"name":"_beforeTokenTransfer","line":19,"loc":{"start":{"line":19,"column":2},"end":{"line":26,"column":2}}}},"statementMap":{"1":{"start":{"line":16,"column":4},"end":{"line":16,"column":47}},"2":{"start":{"line":25,"column":4},"end":{"line":25,"column":64}}},"branchMap":{}},"contracts/preset/ERC721ABCE.sol":{"l":{"23":648,"24":648,"28":123,"29":118,"33":12,"34":8,"38":8,"48":35,"57":180},"path":"/Users/trejgun/WebstormProjects/GemunIon/contracts/contracts/erc721/contracts/preset/ERC721ABCE.sol","s":{"1":648,"2":648,"3":123,"4":118,"5":12,"6":8,"7":8,"8":35,"9":180},"b":{"1":[123,4],"2":[12,4]},"f":{"1":648,"2":123,"3":12,"4":8,"5":35,"6":180},"fnMap":{"1":{"name":"constructor","line":22,"loc":{"start":{"line":22,"column":2},"end":{"line":25,"column":2}}},"2":{"name":"mint","line":27,"loc":{"start":{"line":27,"column":2},"end":{"line":30,"column":2}}},"3":{"name":"safeMint","line":32,"loc":{"start":{"line":32,"column":2},"end":{"line":35,"column":2}}},"4":{"name":"getCurrentTokenIndex","line":37,"loc":{"start":{"line":37,"column":2},"end":{"line":39,"column":2}}},"5":{"name":"supportsInterface","line":41,"loc":{"start":{"line":41,"column":2},"end":{"line":49,"column":2}}},"6":{"name":"_beforeTokenTransfer","line":51,"loc":{"start":{"line":51,"column":2},"end":{"line":58,"column":2}}}},"statementMap":{"1":{"start":{"line":23,"column":4},"end":{"line":23,"column":47}},"2":{"start":{"line":24,"column":4},"end":{"line":24,"column":40}},"3":{"start":{"line":28,"column":4},"end":{"line":28,"column":39}},"4":{"start":{"line":29,"column":4},"end":{"line":29,"column":30}},"5":{"start":{"line":33,"column":4},"end":{"line":33,"column":43}},"6":{"start":{"line":34,"column":4},"end":{"line":34,"column":30}},"7":{"start":{"line":38,"column":4},"end":{"line":38,"column":36}},"8":{"start":{"line":48,"column":4},"end":{"line":48,"column":47}},"9":{"start":{"line":57,"column":4},"end":{"line":57,"column":64}}},"branchMap":{"1":{"line":27,"type":"if","locations":[{"start":{"line":27,"column":43},"end":{"line":27,"column":43}},{"start":{"line":27,"column":43},"end":{"line":27,"column":43}}]},"2":{"line":32,"type":"if","locations":[{"start":{"line":32,"column":47},"end":{"line":32,"column":47}},{"start":{"line":32,"column":47},"end":{"line":32,"column":47}}]}}},"contracts/preset/ERC721ABCEP.sol":{"l":{"16":156,"20":1,"24":1,"28":8,"37":46},"path":"/Users/trejgun/WebstormProjects/GemunIon/contracts/contracts/erc721/contracts/preset/ERC721ABCEP.sol","s":{"1":156,"2":1,"3":1,"4":8,"5":46},"b":{"1":[1,1],"2":[1,1]},"f":{"1":156,"2":1,"3":1,"4":8,"5":46},"fnMap":{"1":{"name":"constructor","line":15,"loc":{"start":{"line":15,"column":2},"end":{"line":17,"column":2}}},"2":{"name":"pause","line":19,"loc":{"start":{"line":19,"column":2},"end":{"line":21,"column":2}}},"3":{"name":"unpause","line":23,"loc":{"start":{"line":23,"column":2},"end":{"line":25,"column":2}}},"4":{"name":"supportsInterface","line":27,"loc":{"start":{"line":27,"column":2},"end":{"line":29,"column":2}}},"5":{"name":"_beforeTokenTransfer","line":31,"loc":{"start":{"line":31,"column":2},"end":{"line":38,"column":2}}}},"statementMap":{"1":{"start":{"line":16,"column":4},"end":{"line":16,"column":40}},"2":{"start":{"line":20,"column":4},"end":{"line":20,"column":11}},"3":{"start":{"line":24,"column":4},"end":{"line":24,"column":13}},"4":{"start":{"line":28,"column":4},"end":{"line":28,"column":47}},"5":{"start":{"line":37,"column":4},"end":{"line":37,"column":64}}},"branchMap":{"1":{"line":19,"type":"if","locations":[{"start":{"line":19,"column":34},"end":{"line":19,"column":34}},{"start":{"line":19,"column":34},"end":{"line":19,"column":34}}]},"2":{"line":23,"type":"if","locations":[{"start":{"line":23,"column":36},"end":{"line":23,"column":36}},{"start":{"line":23,"column":36},"end":{"line":23,"column":36}}]}}},"contracts/preset/ERC721ABCER.sol":{"l":{"25":11,"29":5,"38":46},"path":"/Users/trejgun/WebstormProjects/GemunIon/contracts/contracts/erc721/contracts/preset/ERC721ABCER.sol","s":{"1":11,"2":5,"3":46},"b":{},"f":{"1":186,"2":11,"3":5,"4":46},"fnMap":{"1":{"name":"constructor","line":15,"loc":{"start":{"line":13,"column":2},"end":{"line":16,"column":3}}},"2":{"name":"supportsInterface","line":18,"loc":{"start":{"line":18,"column":2},"end":{"line":26,"column":2}}},"3":{"name":"_burn","line":28,"loc":{"start":{"line":28,"column":2},"end":{"line":30,"column":2}}},"4":{"name":"_beforeTokenTransfer","line":32,"loc":{"start":{"line":32,"column":2},"end":{"line":39,"column":2}}}},"statementMap":{"1":{"start":{"line":25,"column":4},"end":{"line":25,"column":47}},"2":{"start":{"line":29,"column":4},"end":{"line":29,"column":23}},"3":{"start":{"line":38,"column":4},"end":{"line":38,"column":64}}},"branchMap":{}},"contracts/preset/ERC721ABCES.sol":{"l":{"17":8,"21":2,"25":1,"29":4,"38":45},"path":"/Users/trejgun/WebstormProjects/GemunIon/contracts/contracts/erc721/contracts/preset/ERC721ABCES.sol","s":{"1":8,"2":2,"3":1,"4":4,"5":45},"b":{"1":[1,0]},"f":{"1":156,"2":8,"3":2,"4":1,"5":4,"6":45},"fnMap":{"1":{"name":"constructor","line":14,"loc":{"start":{"line":14,"column":2},"end":{"line":14,"column":100}}},"2":{"name":"supportsInterface","line":16,"loc":{"start":{"line":16,"column":2},"end":{"line":18,"column":2}}},"3":{"name":"tokenURI","line":20,"loc":{"start":{"line":20,"column":2},"end":{"line":22,"column":2}}},"4":{"name":"setTokenURI","line":24,"loc":{"start":{"line":24,"column":2},"end":{"line":26,"column":2}}},"5":{"name":"_burn","line":28,"loc":{"start":{"line":28,"column":2},"end":{"line":30,"column":2}}},"6":{"name":"_beforeTokenTransfer","line":32,"loc":{"start":{"line":32,"column":2},"end":{"line":39,"column":2}}}},"statementMap":{"1":{"start":{"line":17,"column":4},"end":{"line":17,"column":47}},"2":{"start":{"line":21,"column":4},"end":{"line":21,"column":34}},"3":{"start":{"line":25,"column":4},"end":{"line":25,"column":35}},"4":{"start":{"line":29,"column":4},"end":{"line":29,"column":31}},"5":{"start":{"line":38,"column":4},"end":{"line":38,"column":64}}},"branchMap":{"1":{"line":24,"type":"if","locations":[{"start":{"line":24,"column":80},"end":{"line":24,"column":80}},{"start":{"line":24,"column":80},"end":{"line":24,"column":80}}]}}},"contracts/preset/ERC721ABCP.sol":{"l":{"18":153,"22":1,"26":1,"30":7,"39":42},"path":"/Users/trejgun/WebstormProjects/GemunIon/contracts/contracts/erc721/contracts/preset/ERC721ABCP.sol","s":{"1":153,"2":1,"3":1,"4":7,"5":42},"b":{"1":[1,1],"2":[1,1]},"f":{"1":153,"2":1,"3":1,"4":7,"5":42},"fnMap":{"1":{"name":"constructor","line":17,"loc":{"start":{"line":17,"column":2},"end":{"line":19,"column":2}}},"2":{"name":"pause","line":21,"loc":{"start":{"line":21,"column":2},"end":{"line":23,"column":2}}},"3":{"name":"unpause","line":25,"loc":{"start":{"line":25,"column":2},"end":{"line":27,"column":2}}},"4":{"name":"supportsInterface","line":29,"loc":{"start":{"line":29,"column":2},"end":{"line":31,"column":2}}},"5":{"name":"_beforeTokenTransfer","line":33,"loc":{"start":{"line":33,"column":2},"end":{"line":40,"column":2}}}},"statementMap":{"1":{"start":{"line":18,"column":4},"end":{"line":18,"column":40}},"2":{"start":{"line":22,"column":4},"end":{"line":22,"column":11}},"3":{"start":{"line":26,"column":4},"end":{"line":26,"column":13}},"4":{"start":{"line":30,"column":4},"end":{"line":30,"column":47}},"5":{"start":{"line":39,"column":4},"end":{"line":39,"column":64}}},"branchMap":{"1":{"line":21,"type":"if","locations":[{"start":{"line":21,"column":34},"end":{"line":21,"column":34}},{"start":{"line":21,"column":34},"end":{"line":21,"column":34}}]},"2":{"line":25,"type":"if","locations":[{"start":{"line":25,"column":36},"end":{"line":25,"column":36}},{"start":{"line":25,"column":36},"end":{"line":25,"column":36}}]}}},"contracts/preset/ERC721ABCR.sol":{"l":{"25":20,"29":10,"38":84},"path":"/Users/trejgun/WebstormProjects/GemunIon/contracts/contracts/erc721/contracts/preset/ERC721ABCR.sol","s":{"1":20,"2":10,"3":84},"b":{},"f":{"1":363,"2":20,"3":10,"4":84},"fnMap":{"1":{"name":"constructor","line":15,"loc":{"start":{"line":13,"column":2},"end":{"line":16,"column":3}}},"2":{"name":"supportsInterface","line":18,"loc":{"start":{"line":18,"column":2},"end":{"line":26,"column":2}}},"3":{"name":"_burn","line":28,"loc":{"start":{"line":28,"column":2},"end":{"line":30,"column":2}}},"4":{"name":"_beforeTokenTransfer","line":32,"loc":{"start":{"line":32,"column":2},"end":{"line":39,"column":2}}}},"statementMap":{"1":{"start":{"line":25,"column":4},"end":{"line":25,"column":47}},"2":{"start":{"line":29,"column":4},"end":{"line":29,"column":23}},"3":{"start":{"line":38,"column":4},"end":{"line":38,"column":64}}},"branchMap":{}},"contracts/preset/ERC721ABCRS.sol":{"l":{"19":10,"23":3,"27":1,"31":5,"40":43},"path":"/Users/trejgun/WebstormProjects/GemunIon/contracts/contracts/erc721/contracts/preset/ERC721ABCRS.sol","s":{"1":10,"2":3,"3":1,"4":5,"5":43},"b":{"1":[1,0]},"f":{"1":186,"2":10,"3":3,"4":1,"5":5,"6":43},"fnMap":{"1":{"name":"constructor","line":15,"loc":{"start":{"line":14,"column":2},"end":{"line":16,"column":3}}},"2":{"name":"supportsInterface","line":18,"loc":{"start":{"line":18,"column":2},"end":{"line":20,"column":2}}},"3":{"name":"tokenURI","line":22,"loc":{"start":{"line":22,"column":2},"end":{"line":24,"column":2}}},"4":{"name":"setTokenURI","line":26,"loc":{"start":{"line":26,"column":2},"end":{"line":28,"column":2}}},"5":{"name":"_burn","line":30,"loc":{"start":{"line":30,"column":2},"end":{"line":32,"column":2}}},"6":{"name":"_beforeTokenTransfer","line":34,"loc":{"start":{"line":34,"column":2},"end":{"line":41,"column":2}}}},"statementMap":{"1":{"start":{"line":19,"column":4},"end":{"line":19,"column":47}},"2":{"start":{"line":23,"column":4},"end":{"line":23,"column":34}},"3":{"start":{"line":27,"column":4},"end":{"line":27,"column":35}},"4":{"start":{"line":31,"column":4},"end":{"line":31,"column":23}},"5":{"start":{"line":40,"column":4},"end":{"line":40,"column":64}}},"branchMap":{"1":{"line":26,"type":"if","locations":[{"start":{"line":26,"column":80},"end":{"line":26,"column":80}},{"start":{"line":26,"column":80},"end":{"line":26,"column":80}}]}}},"contracts/preset/ERC721ABE.sol":{"l":{"22":519,"23":519,"27":84,"28":84,"32":9,"33":6,"37":6,"47":30,"56":128},"path":"/Users/trejgun/WebstormProjects/GemunIon/contracts/contracts/erc721/contracts/preset/ERC721ABE.sol","s":{"1":519,"2":519,"3":84,"4":84,"5":9,"6":6,"7":6,"8":30,"9":128},"b":{"1":[84,3],"2":[9,3]},"f":{"1":519,"2":84,"3":9,"4":6,"5":30,"6":128},"fnMap":{"1":{"name":"constructor","line":21,"loc":{"start":{"line":21,"column":2},"end":{"line":24,"column":2}}},"2":{"name":"mint","line":26,"loc":{"start":{"line":26,"column":2},"end":{"line":29,"column":2}}},"3":{"name":"safeMint","line":31,"loc":{"start":{"line":31,"column":2},"end":{"line":34,"column":2}}},"4":{"name":"getCurrentTokenIndex","line":36,"loc":{"start":{"line":36,"column":2},"end":{"line":38,"column":2}}},"5":{"name":"supportsInterface","line":40,"loc":{"start":{"line":40,"column":2},"end":{"line":48,"column":2}}},"6":{"name":"_beforeTokenTransfer","line":50,"loc":{"start":{"line":50,"column":2},"end":{"line":57,"column":2}}}},"statementMap":{"1":{"start":{"line":22,"column":4},"end":{"line":22,"column":47}},"2":{"start":{"line":23,"column":4},"end":{"line":23,"column":40}},"3":{"start":{"line":27,"column":4},"end":{"line":27,"column":39}},"4":{"start":{"line":28,"column":4},"end":{"line":28,"column":30}},"5":{"start":{"line":32,"column":4},"end":{"line":32,"column":43}},"6":{"start":{"line":33,"column":4},"end":{"line":33,"column":30}},"7":{"start":{"line":37,"column":4},"end":{"line":37,"column":36}},"8":{"start":{"line":47,"column":4},"end":{"line":47,"column":47}},"9":{"start":{"line":56,"column":4},"end":{"line":56,"column":64}}},"branchMap":{"1":{"line":26,"type":"if","locations":[{"start":{"line":26,"column":43},"end":{"line":26,"column":43}},{"start":{"line":26,"column":43},"end":{"line":26,"column":43}}]},"2":{"line":31,"type":"if","locations":[{"start":{"line":31,"column":47},"end":{"line":31,"column":47}},{"start":{"line":31,"column":47},"end":{"line":31,"column":47}}]}}},"contracts/preset/ERC721ABER.sol":{"l":{"25":22,"29":10,"38":88},"path":"/Users/trejgun/WebstormProjects/GemunIon/contracts/contracts/erc721/contracts/preset/ERC721ABER.sol","s":{"1":22,"2":10,"3":88},"b":{},"f":{"1":372,"2":22,"3":10,"4":88},"fnMap":{"1":{"name":"constructor","line":15,"loc":{"start":{"line":13,"column":2},"end":{"line":16,"column":3}}},"2":{"name":"supportsInterface","line":18,"loc":{"start":{"line":18,"column":2},"end":{"line":26,"column":2}}},"3":{"name":"_burn","line":28,"loc":{"start":{"line":28,"column":2},"end":{"line":30,"column":2}}},"4":{"name":"_beforeTokenTransfer","line":32,"loc":{"start":{"line":32,"column":2},"end":{"line":39,"column":2}}}},"statementMap":{"1":{"start":{"line":25,"column":4},"end":{"line":25,"column":47}},"2":{"start":{"line":29,"column":4},"end":{"line":29,"column":23}},"3":{"start":{"line":38,"column":4},"end":{"line":38,"column":64}}},"branchMap":{}},"contracts/preset/ERC721ABERS.sol":{"l":{"19":2,"23":1,"27":11,"31":5,"40":45},"path":"/Users/trejgun/WebstormProjects/GemunIon/contracts/contracts/erc721/contracts/preset/ERC721ABERS.sol","s":{"1":2,"2":1,"3":11,"4":5,"5":45},"b":{"1":[1,0]},"f":{"1":189,"2":2,"3":1,"4":11,"5":5,"6":45},"fnMap":{"1":{"name":"constructor","line":15,"loc":{"start":{"line":14,"column":2},"end":{"line":16,"column":3}}},"2":{"name":"tokenURI","line":18,"loc":{"start":{"line":18,"column":2},"end":{"line":20,"column":2}}},"3":{"name":"setTokenURI","line":22,"loc":{"start":{"line":22,"column":2},"end":{"line":24,"column":2}}},"4":{"name":"supportsInterface","line":26,"loc":{"start":{"line":26,"column":2},"end":{"line":28,"column":2}}},"5":{"name":"_burn","line":30,"loc":{"start":{"line":30,"column":2},"end":{"line":32,"column":2}}},"6":{"name":"_beforeTokenTransfer","line":34,"loc":{"start":{"line":34,"column":2},"end":{"line":41,"column":2}}}},"statementMap":{"1":{"start":{"line":19,"column":4},"end":{"line":19,"column":34}},"2":{"start":{"line":23,"column":4},"end":{"line":23,"column":35}},"3":{"start":{"line":27,"column":4},"end":{"line":27,"column":47}},"4":{"start":{"line":31,"column":4},"end":{"line":31,"column":23}},"5":{"start":{"line":40,"column":4},"end":{"line":40,"column":64}}},"branchMap":{"1":{"line":22,"type":"if","locations":[{"start":{"line":22,"column":80},"end":{"line":22,"column":80}},{"start":{"line":22,"column":80},"end":{"line":22,"column":80}}]}}},"contracts/preset/ERC721ABR.sol":{"l":{"19":50,"23":25,"32":379},"path":"/Users/trejgun/WebstormProjects/GemunIon/contracts/contracts/erc721/contracts/preset/ERC721ABR.sol","s":{"1":50,"2":25,"3":379},"b":{},"f":{"1":924,"2":50,"3":25,"4":379},"fnMap":{"1":{"name":"constructor","line":15,"loc":{"start":{"line":13,"column":2},"end":{"line":16,"column":3}}},"2":{"name":"supportsInterface","line":18,"loc":{"start":{"line":18,"column":2},"end":{"line":20,"column":2}}},"3":{"name":"_burn","line":22,"loc":{"start":{"line":22,"column":2},"end":{"line":24,"column":2}}},"4":{"name":"_beforeTokenTransfer","line":26,"loc":{"start":{"line":26,"column":2},"end":{"line":33,"column":2}}}},"statementMap":{"1":{"start":{"line":19,"column":4},"end":{"line":19,"column":47}},"2":{"start":{"line":23,"column":4},"end":{"line":23,"column":23}},"3":{"start":{"line":32,"column":4},"end":{"line":32,"column":64}}},"branchMap":{}},"contracts/preset/ERC721ABRK.sol":{"l":{"28":212,"37":212,"41":27,"45":5,"49":116,"53":174,"57":10},"path":"/Users/trejgun/WebstormProjects/GemunIon/contracts/contracts/erc721/contracts/preset/ERC721ABRK.sol","s":{"1":212,"2":212,"3":27,"4":5,"5":116,"6":174,"7":10},"b":{},"f":{"1":174,"2":212,"3":212,"4":27,"5":5,"6":116,"7":174,"8":10},"fnMap":{"1":{"name":"constructor","line":18,"loc":{"start":{"line":14,"column":2},"end":{"line":20,"column":2}}},"2":{"name":"_afterTokenTransfer","line":22,"loc":{"start":{"line":22,"column":2},"end":{"line":29,"column":2}}},"3":{"name":"_beforeTokenTransfer","line":31,"loc":{"start":{"line":31,"column":2},"end":{"line":38,"column":2}}},"4":{"name":"_mint","line":40,"loc":{"start":{"line":40,"column":2},"end":{"line":42,"column":2}}},"5":{"name":"_burn","line":44,"loc":{"start":{"line":44,"column":2},"end":{"line":46,"column":2}}},"6":{"name":"_ownerOf","line":48,"loc":{"start":{"line":48,"column":2},"end":{"line":50,"column":2}}},"7":{"name":"_maxBatchSize","line":52,"loc":{"start":{"line":52,"column":2},"end":{"line":54,"column":2}}},"8":{"name":"supportsInterface","line":56,"loc":{"start":{"line":56,"column":2},"end":{"line":58,"column":2}}}},"statementMap":{"1":{"start":{"line":28,"column":4},"end":{"line":28,"column":63}},"2":{"start":{"line":37,"column":4},"end":{"line":37,"column":64}},"3":{"start":{"line":41,"column":4},"end":{"line":41,"column":27}},"4":{"start":{"line":45,"column":4},"end":{"line":45,"column":23}},"5":{"start":{"line":49,"column":4},"end":{"line":49,"column":34}},"6":{"start":{"line":53,"column":4},"end":{"line":53,"column":17}},"7":{"start":{"line":57,"column":4},"end":{"line":57,"column":47}}},"branchMap":{}},"contracts/preset/ERC721ABRS.sol":{"l":{"19":30,"23":9,"27":2,"31":15,"40":129},"path":"/Users/trejgun/WebstormProjects/GemunIon/contracts/contracts/erc721/contracts/preset/ERC721ABRS.sol","s":{"1":30,"2":9,"3":2,"4":15,"5":129},"b":{"1":[2,0]},"f":{"1":576,"2":30,"3":9,"4":2,"5":15,"6":129},"fnMap":{"1":{"name":"constructor","line":15,"loc":{"start":{"line":14,"column":2},"end":{"line":16,"column":3}}},"2":{"name":"supportsInterface","line":18,"loc":{"start":{"line":18,"column":2},"end":{"line":20,"column":2}}},"3":{"name":"tokenURI","line":22,"loc":{"start":{"line":22,"column":2},"end":{"line":24,"column":2}}},"4":{"name":"setTokenURI","line":26,"loc":{"start":{"line":26,"column":2},"end":{"line":28,"column":2}}},"5":{"name":"_burn","line":30,"loc":{"start":{"line":30,"column":2},"end":{"line":32,"column":2}}},"6":{"name":"_beforeTokenTransfer","line":34,"loc":{"start":{"line":34,"column":2},"end":{"line":41,"column":2}}}},"statementMap":{"1":{"start":{"line":19,"column":4},"end":{"line":19,"column":47}},"2":{"start":{"line":23,"column":4},"end":{"line":23,"column":34}},"3":{"start":{"line":27,"column":4},"end":{"line":27,"column":35}},"4":{"start":{"line":31,"column":4},"end":{"line":31,"column":23}},"5":{"start":{"line":40,"column":4},"end":{"line":40,"column":64}}},"branchMap":{"1":{"line":26,"type":"if","locations":[{"start":{"line":26,"column":80},"end":{"line":26,"column":80}},{"start":{"line":26,"column":80},"end":{"line":26,"column":80}}]}}},"contracts/preset/ERC721ABRSU.sol":{"l":{"28":10,"32":24},"path":"/Users/trejgun/WebstormProjects/GemunIon/contracts/contracts/erc721/contracts/preset/ERC721ABRSU.sol","s":{"1":10,"2":24},"b":{"1":[0,9]},"f":{"1":210,"2":10,"3":24},"fnMap":{"1":{"name":"constructor","line":19,"loc":{"start":{"line":15,"column":4},"end":{"line":19,"column":50}}},"2":{"name":"supportsInterface","line":21,"loc":{"start":{"line":21,"column":4},"end":{"line":29,"column":4}}},"3":{"name":"_isApprovedOrOwner","line":31,"loc":{"start":{"line":31,"column":4},"end":{"line":33,"column":4}}}},"statementMap":{"1":{"start":{"line":28,"column":8},"end":{"line":28,"column":99}},"2":{"start":{"line":32,"column":8},"end":{"line":32,"column":55}}},"branchMap":{"1":{"line":28,"type":"cond-expr","locations":[{"start":{"line":28,"column":16},"end":{"line":28,"column":53}},{"start":{"line":28,"column":58},"end":{"line":28,"column":98}}]}}},"contracts/preset/ERC721OB.sol":{"l":{"18":47,"22":6},"path":"/Users/trejgun/WebstormProjects/GemunIon/contracts/contracts/erc721/contracts/preset/ERC721OB.sol","s":{"1":47,"2":6},"b":{"1":[47,2],"2":[6,2]},"f":{"1":270,"2":47,"3":6},"fnMap":{"1":{"name":"constructor","line":15,"loc":{"start":{"line":15,"column":2},"end":{"line":15,"column":78}}},"2":{"name":"mint","line":17,"loc":{"start":{"line":17,"column":2},"end":{"line":19,"column":2}}},"3":{"name":"safeMint","line":21,"loc":{"start":{"line":21,"column":2},"end":{"line":23,"column":2}}}},"statementMap":{"1":{"start":{"line":18,"column":4},"end":{"line":18,"column":21}},"2":{"start":{"line":22,"column":4},"end":{"line":22,"column":25}}},"branchMap":{"1":{"line":17,"type":"if","locations":[{"start":{"line":17,"column":60},"end":{"line":17,"column":60}},{"start":{"line":17,"column":60},"end":{"line":17,"column":60}}]},"2":{"line":21,"type":"if","locations":[{"start":{"line":21,"column":64},"end":{"line":21,"column":64}},{"start":{"line":21,"column":64},"end":{"line":21,"column":64}}]}}},"contracts/preset/ERC721OBR.sol":{"l":{"19":9,"23":5,"32":38},"path":"/Users/trejgun/WebstormProjects/GemunIon/contracts/contracts/erc721/contracts/preset/ERC721OBR.sol","s":{"1":9,"2":5,"3":38},"b":{},"f":{"1":153,"2":9,"3":5,"4":38},"fnMap":{"1":{"name":"constructor","line":15,"loc":{"start":{"line":13,"column":2},"end":{"line":16,"column":3}}},"2":{"name":"supportsInterface","line":18,"loc":{"start":{"line":18,"column":2},"end":{"line":20,"column":2}}},"3":{"name":"_burn","line":22,"loc":{"start":{"line":22,"column":2},"end":{"line":24,"column":2}}},"4":{"name":"_beforeTokenTransfer","line":26,"loc":{"start":{"line":26,"column":2},"end":{"line":33,"column":2}}}},"statementMap":{"1":{"start":{"line":19,"column":4},"end":{"line":19,"column":47}},"2":{"start":{"line":23,"column":4},"end":{"line":23,"column":23}},"3":{"start":{"line":32,"column":4},"end":{"line":32,"column":64}}},"branchMap":{}},"contracts/test/ERC721ABRK.sol":{"l":{"18":174},"path":"/Users/trejgun/WebstormProjects/GemunIon/contracts/contracts/erc721/contracts/test/ERC721ABRK.sol","s":{"1":174},"b":{},"f":{"1":174},"fnMap":{"1":{"name":"constructor","line":16,"loc":{"start":{"line":12,"column":2},"end":{"line":19,"column":2}}}},"statementMap":{"1":{"start":{"line":18,"column":4},"end":{"line":18,"column":68}}},"branchMap":{}},"contracts/test/ERC721BaseUrl.sol":{"l":{"19":4,"29":10},"path":"/Users/trejgun/WebstormProjects/GemunIon/contracts/contracts/erc721/contracts/test/ERC721BaseUrl.sol","s":{"1":4,"2":10},"b":{},"f":{"1":183,"2":4,"3":10},"fnMap":{"1":{"name":"constructor","line":15,"loc":{"start":{"line":13,"column":2},"end":{"line":16,"column":3}}},"2":{"name":"_baseURI","line":18,"loc":{"start":{"line":18,"column":2},"end":{"line":20,"column":2}}},"3":{"name":"supportsInterface","line":22,"loc":{"start":{"line":22,"column":2},"end":{"line":30,"column":2}}}},"statementMap":{"1":{"start":{"line":19,"column":4},"end":{"line":19,"column":34}},"2":{"start":{"line":29,"column":4},"end":{"line":29,"column":47}}},"branchMap":{}}}